2014/06/21 20:59:51 [error] [exception.CException] exception 'CException' with message 'CAssetManager.basePath "D:\wamp\www\gcards\assets" 是无效的. 请确定它是一个可被 Web server process 写入资料的目录.' in D:\wamp\www\gcards\framework\web\CAssetManager.php:138
Stack trace:
#0 D:\wamp\www\gcards\framework\web\CAssetManager.php(123): CAssetManager->setBasePath('D:\wamp\www\gca...')
#1 D:\wamp\www\gcards\framework\web\CAssetManager.php(217): CAssetManager->getBasePath()
#2 D:\wamp\www\gcards\framework\web\CClientScript.php(510): CAssetManager->publish('D:\wamp\www\gca...')
#3 D:\wamp\www\gcards\framework\web\CClientScript.php(547): CClientScript->getCoreScriptUrl()
#4 D:\wamp\www\gcards\framework\web\CClientScript.php(348): CClientScript->getPackageBaseUrl('jquery')
#5 D:\wamp\www\gcards\framework\web\CClientScript.php(208): CClientScript->renderCoreScripts()
#6 D:\wamp\www\gcards\framework\web\CController.php(351): CClientScript->render('<!DOCTYPE html>...')
#7 D:\wamp\www\gcards\framework\web\CController.php(788): CController->processOutput('<!DOCTYPE html>...')
#8 D:\wamp\www\gcards\protected\controllers\ONESHOPGIFTCARDSController.php(851): CController->render('login', Array)
#9 D:\wamp\www\gcards\framework\web\actions\CInlineAction.php(49): ONESHOPGIFTCARDSController->actionLogin()
#10 D:\wamp\www\gcards\framework\web\CController.php(308): CInlineAction->runWithParams(Array)
#11 D:\wamp\www\gcards\framework\web\filters\CFilterChain.php(133): CController->runAction(Object(CInlineAction))
#12 D:\wamp\www\gcards\framework\web\filters\CFilter.php(40): CFilterChain->run()
#13 D:\wamp\www\gcards\framework\web\CController.php(1145): CFilter->filter(Object(CFilterChain))
#14 D:\wamp\www\gcards\framework\web\filters\CInlineFilter.php(58): CController->filterAccessControl(Object(CFilterChain))
#15 D:\wamp\www\gcards\framework\web\filters\CFilterChain.php(130): CInlineFilter->filter(Object(CFilterChain))
#16 D:\wamp\www\gcards\framework\web\CController.php(291): CFilterChain->run()
#17 D:\wamp\www\gcards\framework\web\CController.php(265): CController->runActionWithFilters(Object(CInlineAction), Array)
#18 D:\wamp\www\gcards\framework\web\CWebApplication.php(282): CController->run('login')
#19 D:\wamp\www\gcards\framework\web\CWebApplication.php(141): CWebApplication->runController('ONESHOPGIFTCARD...')
#20 D:\wamp\www\gcards\framework\base\CApplication.php(180): CWebApplication->processRequest()
#21 D:\wamp\www\gcards\index.php(13): CApplication->run()
#22 {main}
REQUEST_URI=/gcards/index.php?r=ONESHOPGIFTCARDS/login
HTTP_REFERER=http://localhost/
---
